<?xml version="1.0" encoding="UTF-8"?>
<!-- Generated by org.testng.reporters.JUnitXMLReporter -->
<testsuite hostname="LAPTOP-M6I20NH8" ignored="0" name="Test1" tests="5" failures="0" timestamp="2021-02-03T10:36:25 IST" time="82.691" errors="0">
  <testcase name="loginTest" time="22.25" classname="com.nopcommerce.testCases.TC_LoginTest_001"/>
  <testcase name="loginTest" time="16.337" classname="com.nopcommerce.testCases.TC_LoginDDT_002"/>
  <testcase name="loginTest" time="11.516" classname="com.nopcommerce.testCases.TC_LoginDDT_002"/>
  <testcase name="loginTest" time="11.537" classname="com.nopcommerce.testCases.TC_LoginDDT_002"/>
  <testcase name="loginTest" time="11.528" classname="com.nopcommerce.testCases.TC_LoginDDT_002"/>
</testsuite> <!-- Test1 -->
