<?xml version="1.0" encoding="UTF-8"?>
<!-- Generated by org.testng.reporters.JUnitXMLReporter -->
<testsuite hostname="LAPTOP-M6I20NH8" ignored="0" name="Test1" tests="6" failures="3" timestamp="2021-02-03T10:54:07 IST" time="138.273" errors="0">
  <testcase name="loginTest" time="28.48" classname="com.nopcommerce.testCases.TC_LoginTest_001"/>
  <testcase name="loginTest" time="26.212" classname="com.nopcommerce.testCases.TC_LoginDDT_002"/>
  <testcase name="loginTest" time="15.899" classname="com.nopcommerce.testCases.TC_LoginDDT_002">
    <failure type="junit.framework.AssertionFailedError">
      <![CDATA[junit.framework.AssertionFailedError
at junit.framework.Assert.fail(Assert.java:47)
at junit.framework.Assert.assertTrue(Assert.java:20)
at junit.framework.Assert.assertTrue(Assert.java:27)
at com.nopcommerce.testCases.TC_LoginDDT_002.loginTest(TC_LoginDDT_002.java:36)
at java.util.ArrayList.forEach(ArrayList.java:1249)
... Removed 32 stack frames]]>
    </failure>
  </testcase> <!-- loginTest -->
  <testcase name="loginTest" time="16.636" classname="com.nopcommerce.testCases.TC_LoginDDT_002">
    <failure type="junit.framework.AssertionFailedError">
      <![CDATA[junit.framework.AssertionFailedError
at junit.framework.Assert.fail(Assert.java:47)
at junit.framework.Assert.assertTrue(Assert.java:20)
at junit.framework.Assert.assertTrue(Assert.java:27)
at com.nopcommerce.testCases.TC_LoginDDT_002.loginTest(TC_LoginDDT_002.java:36)
at java.util.ArrayList.forEach(ArrayList.java:1249)
... Removed 32 stack frames]]>
    </failure>
  </testcase> <!-- loginTest -->
  <testcase name="loginTest" time="15.344" classname="com.nopcommerce.testCases.TC_LoginDDT_002">
    <failure type="junit.framework.AssertionFailedError">
      <![CDATA[junit.framework.AssertionFailedError
at junit.framework.Assert.fail(Assert.java:47)
at junit.framework.Assert.assertTrue(Assert.java:20)
at junit.framework.Assert.assertTrue(Assert.java:27)
at com.nopcommerce.testCases.TC_LoginDDT_002.loginTest(TC_LoginDDT_002.java:36)
at java.util.ArrayList.forEach(ArrayList.java:1249)
... Removed 32 stack frames]]>
    </failure>
  </testcase> <!-- loginTest -->
  <testcase name="addNewCustomer" time="22.145" classname="com.nopcommerce.testCases.TC_AddCustomerTest_003"/>
</testsuite> <!-- Test1 -->
