<?xml version="1.0" encoding="UTF-8"?>
<testng-results skipped="0" failed="0" ignored="0" total="5" passed="5">
  <reporter-output>
  </reporter-output>
  <suite name="Suite" duration-ms="82691" started-at="2021-02-03T10:35:03 IST" finished-at="2021-02-03T10:36:25 IST">
    <groups>
    </groups>
    <test name="Test1" duration-ms="82691" started-at="2021-02-03T10:35:03 IST" finished-at="2021-02-03T10:36:25 IST">
      <class name="com.nopcommerce.testCases.TC_LoginTest_001">
        <test-method status="PASS" signature="setUp(java.lang.String)[pri:0, instance:com.nopcommerce.testCases.TC_LoginTest_001@66d1af89]" name="setUp" is-config="true" duration-ms="3990" started-at="2021-02-03T10:35:03 IST" finished-at="2021-02-03T10:35:07 IST">
          <params>
            <param index="0">
              <value>
                <![CDATA[chrome]]>
              </value>
            </param>
          </params>
          <reporter-output>
          </reporter-output>
        </test-method> <!-- setUp -->
        <test-method status="PASS" signature="loginTest()[pri:0, instance:com.nopcommerce.testCases.TC_LoginTest_001@66d1af89]" name="loginTest" duration-ms="22250" started-at="2021-02-03T10:35:07 IST" finished-at="2021-02-03T10:35:29 IST">
          <reporter-output>
          </reporter-output>
        </test-method> <!-- loginTest -->
        <test-method status="PASS" signature="tearDown()[pri:0, instance:com.nopcommerce.testCases.TC_LoginTest_001@66d1af89]" name="tearDown" is-config="true" duration-ms="684" started-at="2021-02-03T10:35:29 IST" finished-at="2021-02-03T10:35:30 IST">
          <reporter-output>
          </reporter-output>
        </test-method> <!-- tearDown -->
      </class> <!-- com.nopcommerce.testCases.TC_LoginTest_001 -->
      <class name="com.nopcommerce.testCases.TC_LoginDDT_002">
        <test-method status="PASS" signature="setUp(java.lang.String)[pri:0, instance:com.nopcommerce.testCases.TC_LoginDDT_002@8646db9]" name="setUp" is-config="true" duration-ms="3297" started-at="2021-02-03T10:35:30 IST" finished-at="2021-02-03T10:35:33 IST">
          <params>
            <param index="0">
              <value>
                <![CDATA[chrome]]>
              </value>
            </param>
          </params>
          <reporter-output>
          </reporter-output>
        </test-method> <!-- setUp -->
        <test-method status="PASS" signature="loginTest(java.lang.String, java.lang.String)[pri:0, instance:com.nopcommerce.testCases.TC_LoginDDT_002@8646db9]" name="loginTest" duration-ms="16337" started-at="2021-02-03T10:35:34 IST" data-provider="LoginData" finished-at="2021-02-03T10:35:50 IST">
          <params>
            <param index="0">
              <value>
                <![CDATA[admin@yourstore.com]]>
              </value>
            </param>
            <param index="1">
              <value>
                <![CDATA[admin]]>
              </value>
            </param>
          </params>
          <reporter-output>
          </reporter-output>
        </test-method> <!-- loginTest -->
        <test-method status="PASS" signature="loginTest(java.lang.String, java.lang.String)[pri:0, instance:com.nopcommerce.testCases.TC_LoginDDT_002@8646db9]" name="loginTest" duration-ms="11516" started-at="2021-02-03T10:35:50 IST" data-provider="LoginData" finished-at="2021-02-03T10:36:02 IST">
          <params>
            <param index="0">
              <value>
                <![CDATA[admin@yourstore.com]]>
              </value>
            </param>
            <param index="1">
              <value>
                <![CDATA[adm]]>
              </value>
            </param>
          </params>
          <reporter-output>
          </reporter-output>
        </test-method> <!-- loginTest -->
        <test-method status="PASS" signature="loginTest(java.lang.String, java.lang.String)[pri:0, instance:com.nopcommerce.testCases.TC_LoginDDT_002@8646db9]" name="loginTest" duration-ms="11537" started-at="2021-02-03T10:36:02 IST" data-provider="LoginData" finished-at="2021-02-03T10:36:13 IST">
          <params>
            <param index="0">
              <value>
                <![CDATA[admin@your.com]]>
              </value>
            </param>
            <param index="1">
              <value>
                <![CDATA[admin]]>
              </value>
            </param>
          </params>
          <reporter-output>
          </reporter-output>
        </test-method> <!-- loginTest -->
        <test-method status="PASS" signature="loginTest(java.lang.String, java.lang.String)[pri:0, instance:com.nopcommerce.testCases.TC_LoginDDT_002@8646db9]" name="loginTest" duration-ms="11528" started-at="2021-02-03T10:36:13 IST" data-provider="LoginData" finished-at="2021-02-03T10:36:25 IST">
          <params>
            <param index="0">
              <value>
                <![CDATA[adm@yourstore.com]]>
              </value>
            </param>
            <param index="1">
              <value>
                <![CDATA[adm]]>
              </value>
            </param>
          </params>
          <reporter-output>
          </reporter-output>
        </test-method> <!-- loginTest -->
        <test-method status="PASS" signature="tearDown()[pri:0, instance:com.nopcommerce.testCases.TC_LoginDDT_002@8646db9]" name="tearDown" is-config="true" duration-ms="689" started-at="2021-02-03T10:36:25 IST" finished-at="2021-02-03T10:36:25 IST">
          <reporter-output>
          </reporter-output>
        </test-method> <!-- tearDown -->
      </class> <!-- com.nopcommerce.testCases.TC_LoginDDT_002 -->
    </test> <!-- Test1 -->
  </suite> <!-- Suite -->
</testng-results>
